#
# There is insufficient memory for the Java Runtime Environment to continue.
# Native memory allocation (malloc) failed to allocate 1056736 bytes for Chunk::new
# Possible reasons:
#   The system is out of physical RAM or swap space
#   In 32 bit mode, the process size limit was hit
# Possible solutions:
#   Reduce memory load on the system
#   Increase physical memory or swap space
#   Check if swap backing store is full
#   Use 64 bit Java on a 64 bit OS
#   Decrease Java heap size (-Xmx/-Xms)
#   Decrease number of Java threads
#   Decrease Java thread stack sizes (-Xss)
#   Set larger code cache with -XX:ReservedCodeCacheSize=
# This output file may be truncated or incomplete.
#
#  Out of Memory Error (allocation.cpp:390), pid=24700, tid=0x0000000000006914
#
# JRE version: Java(TM) SE Runtime Environment (8.0_121-b13) (build 1.8.0_121-b13)
# Java VM: Java HotSpot(TM) 64-Bit Server VM (25.121-b13 mixed mode windows-amd64 compressed oops)
# Failed to write core dump. Minidumps are not enabled by default on client versions of Windows
#

---------------  T H R E A D  ---------------

Current thread (0x000000001cb58000):  JavaThread "C2 CompilerThread2" daemon [_thread_in_native, id=26900, stack(0x000000001e2b0000,0x000000001e3b0000)]

Stack: [0x000000001e2b0000,0x000000001e3b0000]
[error occurred during error reporting (printing stack bounds), id 0xc0000005]

Native frames: (J=compiled Java code, j=interpreted, Vv=VM code, C=native code)


Current CompileTask:
C2:   3693 3959   !   4       org.springframework.core.annotation.AnnotatedElementUtils::searchWithFindSemantics (774 bytes)


---------------  P R O C E S S  ---------------

Java Threads: ( => current thread )
  0x0000000022ef0000 JavaThread "container-0" [_thread_blocked, id=28328, stack(0x00000000229d0000,0x0000000022ad0000)]
  0x000000001e745800 JavaThread "Catalina-utility-1" [_thread_blocked, id=17288, stack(0x000000001ff30000,0x0000000020030000)]
  0x000000001cbe5000 JavaThread "Service Thread" daemon [_thread_blocked, id=9448, stack(0x000000001e4b0000,0x000000001e5b0000)]
  0x000000001cb5c800 JavaThread "C1 CompilerThread3" daemon [_thread_blocked, id=20772, stack(0x000000001e3b0000,0x000000001e4b0000)]
=>0x000000001cb58000 JavaThread "C2 CompilerThread2" daemon [_thread_in_native, id=26900, stack(0x000000001e2b0000,0x000000001e3b0000)]
  0x000000001cb53800 JavaThread "C2 CompilerThread1" daemon [_thread_blocked, id=16464, stack(0x000000001e1b0000,0x000000001e2b0000)]
  0x000000001cb48800 JavaThread "C2 CompilerThread0" daemon [_thread_in_native, id=21080, stack(0x000000001e0b0000,0x000000001e1b0000)]
  0x000000001cafb000 JavaThread "Attach Listener" daemon [_thread_blocked, id=21032, stack(0x000000001dfb0000,0x000000001e0b0000)]
  0x000000001cafa000 JavaThread "Signal Dispatcher" daemon [_thread_blocked, id=1348, stack(0x000000001deb0000,0x000000001dfb0000)]
  0x000000001cae3000 JavaThread "Finalizer" daemon [_thread_blocked, id=20660, stack(0x000000001dd40000,0x000000001de40000)]
  0x0000000002b09000 JavaThread "Reference Handler" daemon [_thread_blocked, id=24888, stack(0x000000001dc40000,0x000000001dd40000)]
  0x000000000290e800 JavaThread "main" [_thread_in_Java, id=18952, stack(0x0000000002910000,0x0000000002a10000)]

Other Threads:
  0x000000001cac2800 VMThread [stack: 0x000000001db40000,0x000000001dc40000] [id=25016]
  0x000000001cc59000 WatcherThread [stack: 0x000000001e5b0000,0x000000001e6b0000] [id=21248]

VM state:not at safepoint (normal execution)

VM Mutex/Monitor currently owned by a thread: None

Heap:
 PSYoungGen      total 234496K, used 108412K [0x0000000776200000, 0x0000000788880000, 0x00000007c0000000)
  eden space 227840K, 47% used [0x0000000776200000,0x000000077cbdf108,0x0000000784080000)
  from space 6656K, 0% used [0x0000000784080000,0x0000000784080000,0x0000000784700000)
  to   space 10240K, 0% used [0x0000000787e80000,0x0000000787e80000,0x0000000788880000)
 ParOldGen       total 139776K, used 17161K [0x00000006e2600000, 0x00000006eae80000, 0x0000000776200000)
  object space 139776K, 12% used [0x00000006e2600000,0x00000006e36c2408,0x00000006eae80000)
 Metaspace       used 37221K, capacity 38694K, committed 38912K, reserved 1083392K
  class space    used 4810K, capacity 5115K, committed 5120K, reserved 1048576K

Card table byte_map: [0x0000000011ed0000,0x00000000125c0000] byte_map_base: 0x000000000e7bd000

Marking Bits: (ParMarkBitMap*) 0x000000005b79b6d0
 Begin Bits: [0x0000000013460000, 0x0000000016bc8000)
 End Bits:   [0x0000000016bc8000, 0x000000001a330000)

Polling page: 0x0000000000bd0000

CodeCache: size=245760Kb used=13586Kb max_used=13955Kb free=232173Kb
 bounds [0x0000000002b10000, 0x00000000038d0000, 0x0000000011b10000]
 total_blobs=4265 nmethods=3821 adapters=356
 compilation: enabled

Compilation events (10 events):
Event: 3.684 Thread 0x000000001cb53800 nmethod 4148 0x0000000002e89150 code [0x0000000002e89280, 0x0000000002e892f8]
Event: 3.689 Thread 0x000000001cb5c800 4163       3       java.lang.reflect.Executable::separateWithCommas (41 bytes)
Event: 3.689 Thread 0x000000001cb5c800 nmethod 4163 0x0000000002fb7a10 code [0x0000000002fb7bc0, 0x0000000002fb8128]
Event: 3.689 Thread 0x000000001cb5c800 4164       3       java.lang.reflect.Method::toString (20 bytes)
Event: 3.689 Thread 0x000000001cb5c800 nmethod 4164 0x0000000002fb7150 code [0x0000000002fb72e0, 0x0000000002fb78b8]
Event: 3.689 Thread 0x000000001cb5c800 4167       3       java.util.concurrent.ConcurrentHashMap::get (162 bytes)
Event: 3.690 Thread 0x000000001cb5c800 nmethod 4167 0x0000000002f54090 code [0x0000000002f542a0, 0x0000000002f54e38]
Event: 3.690 Thread 0x000000001cb5c800 4166       3       java.lang.reflect.Method::specificToStringHeader (44 bytes)
Event: 3.691 Thread 0x000000001cb5c800 nmethod 4166 0x00000000031a9350 code [0x00000000031a95c0, 0x00000000031aa7c8]
Event: 3.691 Thread 0x000000001cb5c800 4165   !   3       java.lang.reflect.Executable::sharedToString (102 bytes)

GC Heap History (10 events):
Event: 1.018 GC heap before
{Heap before GC invocations=5 (full 0):
 PSYoungGen      total 123904K, used 23866K [0x0000000776200000, 0x000000077e400000, 0x00000007c0000000)
  eden space 114688K, 15% used [0x0000000776200000,0x00000007773e6b38,0x000000077d200000)
  from space 9216K, 60% used [0x000000077db00000,0x000000077e068050,0x000000077e400000)
  to   space 9216K, 0% used [0x000000077d200000,0x000000077d200000,0x000000077db00000)
 ParOldGen       total 151552K, used 40K [0x00000006e2600000, 0x00000006eba00000, 0x0000000776200000)
  object space 151552K, 0% used [0x00000006e2600000,0x00000006e260a000,0x00000006eba00000)
 Metaspace       used 20573K, capacity 21158K, committed 21296K, reserved 1067008K
  class space    used 2692K, capacity 2851K, committed 2944K, reserved 1048576K
Event: 1.024 GC heap after
Heap after GC invocations=5 (full 0):
 PSYoungGen      total 123904K, used 5728K [0x0000000776200000, 0x0000000785000000, 0x00000007c0000000)
  eden space 114688K, 0% used [0x0000000776200000,0x0000000776200000,0x000000077d200000)
  from space 9216K, 62% used [0x000000077d200000,0x000000077d798080,0x000000077db00000)
  to   space 7168K, 0% used [0x0000000784900000,0x0000000784900000,0x0000000785000000)
 ParOldGen       total 151552K, used 48K [0x00000006e2600000, 0x00000006eba00000, 0x0000000776200000)
  object space 151552K, 0% used [0x00000006e2600000,0x00000006e260c000,0x00000006eba00000)
 Metaspace       used 20573K, capacity 21158K, committed 21296K, reserved 1067008K
  class space    used 2692K, capacity 2851K, committed 2944K, reserved 1048576K
}
Event: 1.024 GC heap before
{Heap before GC invocations=6 (full 1):
 PSYoungGen      total 123904K, used 5728K [0x0000000776200000, 0x0000000785000000, 0x00000007c0000000)
  eden space 114688K, 0% used [0x0000000776200000,0x0000000776200000,0x000000077d200000)
  from space 9216K, 62% used [0x000000077d200000,0x000000077d798080,0x000000077db00000)
  to   space 7168K, 0% used [0x0000000784900000,0x0000000784900000,0x0000000785000000)
 ParOldGen       total 151552K, used 48K [0x00000006e2600000, 0x00000006eba00000, 0x0000000776200000)
  object space 151552K, 0% used [0x00000006e2600000,0x00000006e260c000,0x00000006eba00000)
 Metaspace       used 20573K, capacity 21158K, committed 21296K, reserved 1067008K
  class space    used 2692K, capacity 2851K, committed 2944K, reserved 1048576K
Event: 1.049 GC heap after
Heap after GC invocations=6 (full 1):
 PSYoungGen      total 123904K, used 0K [0x0000000776200000, 0x0000000785000000, 0x00000007c0000000)
  eden space 114688K, 0% used [0x0000000776200000,0x0000000776200000,0x000000077d200000)
  from space 9216K, 0% used [0x000000077d200000,0x000000077d200000,0x000000077db00000)
  to   space 7168K, 0% used [0x0000000784900000,0x0000000784900000,0x0000000785000000)
 ParOldGen       total 83456K, used 5421K [0x00000006e2600000, 0x00000006e7780000, 0x0000000776200000)
  object space 83456K, 6% used [0x00000006e2600000,0x00000006e2b4b730,0x00000006e7780000)
 Metaspace       used 20573K, capacity 21158K, committed 21296K, reserved 1067008K
  class space    used 2692K, capacity 2851K, committed 2944K, reserved 1048576K
}
Event: 1.601 GC heap before
{Heap before GC invocations=7 (full 1):
 PSYoungGen      total 123904K, used 114688K [0x0000000776200000, 0x0000000785000000, 0x00000007c0000000)
  eden space 114688K, 100% used [0x0000000776200000,0x000000077d200000,0x000000077d200000)
  from space 9216K, 0% used [0x000000077d200000,0x000000077d200000,0x000000077db00000)
  to   space 7168K, 0% used [0x0000000784900000,0x0000000784900000,0x0000000785000000)
 ParOldGen       total 83456K, used 5421K [0x00000006e2600000, 0x00000006e7780000, 0x0000000776200000)
  object space 83456K, 6% used [0x00000006e2600000,0x00000006e2b4b730,0x00000006e7780000)
 Metaspace       used 26186K, capacity 27182K, committed 27264K, reserved 1073152K
  class space    used 3434K, capacity 3681K, committed 3712K, reserved 1048576K
Event: 1.605 GC heap after
Heap after GC invocations=7 (full 1):
 PSYoungGen      total 187392K, used 4432K [0x0000000776200000, 0x0000000784d80000, 0x00000007c0000000)
  eden space 182784K, 0% used [0x0000000776200000,0x0000000776200000,0x0000000781480000)
  from space 4608K, 96% used [0x0000000784900000,0x0000000784d54040,0x0000000784d80000)
  to   space 6656K, 0% used [0x0000000784080000,0x0000000784080000,0x0000000784700000)
 ParOldGen       total 83456K, used 5493K [0x00000006e2600000, 0x00000006e7780000, 0x0000000776200000)
  object space 83456K, 6% used [0x00000006e2600000,0x00000006e2b5d740,0x00000006e7780000)
 Metaspace       used 26186K, capacity 27182K, committed 27264K, reserved 1073152K
  class space    used 3434K, capacity 3681K, committed 3712K, reserved 1048576K
}
Event: 3.214 GC heap before
{Heap before GC invocations=8 (full 1):
 PSYoungGen      total 187392K, used 157149K [0x0000000776200000, 0x0000000784d80000, 0x00000007c0000000)
  eden space 182784K, 83% used [0x0000000776200000,0x000000077f723720,0x0000000781480000)
  from space 4608K, 96% used [0x0000000784900000,0x0000000784d54040,0x0000000784d80000)
  to   space 6656K, 0% used [0x0000000784080000,0x0000000784080000,0x0000000784700000)
 ParOldGen       total 83456K, used 5493K [0x00000006e2600000, 0x00000006e7780000, 0x0000000776200000)
  object space 83456K, 6% used [0x00000006e2600000,0x00000006e2b5d740,0x00000006e7780000)
 Metaspace       used 33929K, capacity 35306K, committed 35456K, reserved 1079296K
  class space    used 4388K, capacity 4657K, committed 4736K, reserved 1048576K
Event: 3.227 GC heap after
Heap after GC invocations=8 (full 1):
 PSYoungGen      total 234496K, used 6644K [0x0000000776200000, 0x0000000788880000, 0x00000007c0000000)
  eden space 227840K, 0% used [0x0000000776200000,0x0000000776200000,0x0000000784080000)
  from space 6656K, 99% used [0x0000000784080000,0x00000007846fd060,0x0000000784700000)
  to   space 10240K, 0% used [0x0000000787e80000,0x0000000787e80000,0x0000000788880000)
 ParOldGen       total 83456K, used 11148K [0x00000006e2600000, 0x00000006e7780000, 0x0000000776200000)
  object space 83456K, 13% used [0x00000006e2600000,0x00000006e30e31f0,0x00000006e7780000)
 Metaspace       used 33929K, capacity 35306K, committed 35456K, reserved 1079296K
  class space    used 4388K, capacity 4657K, committed 4736K, reserved 1048576K
}
Event: 3.227 GC heap before
{Heap before GC invocations=9 (full 2):
 PSYoungGen      total 234496K, used 6644K [0x0000000776200000, 0x0000000788880000, 0x00000007c0000000)
  eden space 227840K, 0% used [0x0000000776200000,0x0000000776200000,0x0000000784080000)
  from space 6656K, 99% used [0x0000000784080000,0x00000007846fd060,0x0000000784700000)
  to   space 10240K, 0% used [0x0000000787e80000,0x0000000787e80000,0x0000000788880000)
 ParOldGen       total 83456K, used 11148K [0x00000006e2600000, 0x00000006e7780000, 0x0000000776200000)
  object space 83456K, 13% used [0x00000006e2600000,0x00000006e30e31f0,0x00000006e7780000)
 Metaspace       used 33929K, capacity 35306K, committed 35456K, reserved 1079296K
  class space    used 4388K, capacity 4657K, committed 4736K, reserved 1048576K
Event: 3.317 GC heap after
Heap after GC invocations=9 (full 2):
 PSYoungGen      total 234496K, used 0K [0x0000000776200000, 0x0000000788880000, 0x00000007c0000000)
  eden space 227840K, 0% used [0x0000000776200000,0x0000000776200000,0x0000000784080000)
  from space 6656K, 0% used [0x0000000784080000,0x0000000784080000,0x0000000784700000)
  to   space 10240K, 0% used [0x0000000787e80000,0x0000000787e80000,0x0000000788880000)
 ParOldGen       total 139776K, used 17161K [0x00000006e2600000, 0x00000006eae80000, 0x0000000776200000)
  object space 139776K, 12% used [0x00000006e2600000,0x00000006e36c2408,0x00000006eae80000)
 Metaspace       used 33929K, capacity 35306K, committed 35456K, reserved 1079296K
  class space    used 4388K, capacity 4657K, committed 4736K, reserved 1048576K
}

Deoptimization events (10 events):
Event: 3.338 Thread 0x000000000290e800 Uncommon trap: reason=unstable_if action=reinterpret pc=0x000000000317f44c method=com.sun.org.apache.xerces.internal.util.SymbolTable.addSymbol([CII)Ljava/lang/String; @ 64
Event: 3.415 Thread 0x000000000290e800 Uncommon trap: reason=unstable_if action=reinterpret pc=0x0000000002d16e0c method=java.lang.AbstractStringBuilder.append(Ljava/lang/String;)Ljava/lang/AbstractStringBuilder; @ 1
Event: 3.468 Thread 0x000000000290e800 Uncommon trap: reason=unstable_if action=reinterpret pc=0x0000000003590954 method=java.lang.String.valueOf(Ljava/lang/Object;)Ljava/lang/String; @ 1
Event: 3.494 Thread 0x000000000290e800 Uncommon trap: reason=unstable_if action=reinterpret pc=0x00000000035ac398 method=java.util.concurrent.ConcurrentHashMap.putVal(Ljava/lang/Object;Ljava/lang/Object;Z)Ljava/lang/Object; @ 331
Event: 3.534 Thread 0x000000000290e800 Uncommon trap: reason=unstable_if action=reinterpret pc=0x0000000003179144 method=com.sun.org.apache.xerces.internal.impl.XMLEntityScanner.peekChar()I @ 14
Event: 3.548 Thread 0x000000000290e800 Uncommon trap: reason=unstable_if action=reinterpret pc=0x000000000311d994 method=com.sun.org.apache.xerces.internal.impl.XMLEntityScanner.scanLiteral(ILcom/sun/org/apache/xerces/internal/xni/XMLString;Z)I @ 44
Event: 3.572 Thread 0x000000000290e800 Uncommon trap: reason=unstable_if action=reinterpret pc=0x00000000037ac3f0 method=org.springframework.core.annotation.AnnotationUtils.getAnnotatedMethodsInBaseType(Ljava/lang/Class;)Ljava/util/Set; @ 100
Event: 3.577 Thread 0x000000000290e800 Uncommon trap: reason=null_check action=make_not_entrant pc=0x00000000038aa230 method=org.springframework.core.annotation.AnnotatedElementUtils.searchWithFindSemantics(Ljava/lang/reflect/AnnotatedElement;Ljava/util/Set;Ljava/lang/String;Ljava/lang/Class;L
Event: 3.689 Thread 0x000000000290e800 Uncommon trap: reason=unstable_if action=reinterpret pc=0x00000000036c96f8 method=java.util.concurrent.ConcurrentHashMap.get(Ljava/lang/Object;)Ljava/lang/Object; @ 86
Event: 3.689 Thread 0x000000000290e800 Uncommon trap: reason=unstable_if action=reinterpret pc=0x0000000002fbdfbc method=java.util.concurrent.ConcurrentHashMap.transfer([Ljava/util/concurrent/ConcurrentHashMap$Node;[Ljava/util/concurrent/ConcurrentHashMap$Node;)V @ 356

Internal exceptions (10 events):
Event: 3.415 Thread 0x000000000290e800 Implicit null exception at 0x0000000002d16a56 to 0x0000000002d16df5
Event: 3.511 Thread 0x000000000290e800 Exception <a 'java/lang/ClassNotFoundException': cn/dbw/luckwheel/po/LuckProductBeanInfo> (0x0000000778b58b30) thrown at [C:\re\workspace\8-2-build-windows-amd64-cygwin\jdk8u121\8372\hotspot\src\share\vm\classfile\systemDictionary.cpp, line 210]
Event: 3.511 Thread 0x000000000290e800 Exception <a 'java/lang/ClassNotFoundException': java/lang/ObjectBeanInfo> (0x0000000778b723b8) thrown at [C:\re\workspace\8-2-build-windows-amd64-cygwin\jdk8u121\8372\hotspot\src\share\vm\classfile\systemDictionary.cpp, line 210]
Event: 3.511 Thread 0x000000000290e800 Exception <a 'java/lang/ClassNotFoundException': java/lang/ObjectCustomizer> (0x0000000778b8bff0) thrown at [C:\re\workspace\8-2-build-windows-amd64-cygwin\jdk8u121\8372\hotspot\src\share\vm\classfile\systemDictionary.cpp, line 210]
Event: 3.512 Thread 0x000000000290e800 Exception <a 'java/lang/ClassNotFoundException': cn/dbw/luckwheel/po/LuckProductCustomizer> (0x0000000778bcb6f8) thrown at [C:\re\workspace\8-2-build-windows-amd64-cygwin\jdk8u121\8372\hotspot\src\share\vm\classfile\systemDictionary.cpp, line 210]
Event: 3.577 Thread 0x000000000290e800 Implicit null exception at 0x00000000038a3f26 to 0x00000000038aa1f9
Event: 3.581 Thread 0x000000000290e800 Exception <a 'java/lang/ClassNotFoundException': cn/dbw/luckwheel/po/LuckUserBeanInfo> (0x000000077a22abb0) thrown at [C:\re\workspace\8-2-build-windows-amd64-cygwin\jdk8u121\8372\hotspot\src\share\vm\classfile\systemDictionary.cpp, line 210]
Event: 3.581 Thread 0x000000000290e800 Exception <a 'java/lang/ClassNotFoundException': cn/dbw/luckwheel/po/LuckUserCustomizer> (0x000000077a263c18) thrown at [C:\re\workspace\8-2-build-windows-amd64-cygwin\jdk8u121\8372\hotspot\src\share\vm\classfile\systemDictionary.cpp, line 210]
Event: 3.621 Thread 0x000000000290e800 Exception <a 'java/lang/ClassNotFoundException': cn/dbw/luckwheel/po/LuckUserProductBeanInfo> (0x000000077b3c89f8) thrown at [C:\re\workspace\8-2-build-windows-amd64-cygwin\jdk8u121\8372\hotspot\src\share\vm\classfile\systemDictionary.cpp, line 210]
Event: 3.621 Thread 0x000000000290e800 Exception <a 'java/lang/ClassNotFoundException': cn/dbw/luckwheel/po/LuckUserProductCustomizer> (0x000000077b4056d8) thrown at [C:\re\workspace\8-2-build-windows-amd64-cygwin\jdk8u121\8372\hotspot\src\share\vm\classfile\systemDictionary.cpp, line 210]

Events (10 events):
Event: 3.687 loading class java/sql/SQLWarning
Event: 3.687 loading class java/sql/SQLWarning done
Event: 3.687 loading class org/springframework/jdbc/support/rowset/SqlRowSet
Event: 3.687 loading class org/springframework/jdbc/support/rowset/SqlRowSet done
Event: 3.689 Thread 0x000000000290e800 Uncommon trap: trap_request=0xffffff65 fr.pc=0x00000000036c96f8
Event: 3.689 Thread 0x000000000290e800 DEOPT PACKING pc=0x00000000036c96f8 sp=0x0000000002a0d220
Event: 3.689 Thread 0x000000000290e800 DEOPT UNPACKING pc=0x0000000002b5582a sp=0x0000000002a0d190 mode 2
Event: 3.689 Thread 0x000000000290e800 Uncommon trap: trap_request=0xffffff65 fr.pc=0x0000000002fbdfbc
Event: 3.689 Thread 0x000000000290e800 DEOPT PACKING pc=0x0000000002fbdfbc sp=0x0000000002a0cfe0
Event: 3.689 Thread 0x000000000290e800 DEOPT UNPACKING pc=0x0000000002b5582a sp=0x0000000002a0cf50 mode 2


Dynamic libraries:
0x00007ff7a49f0000 - 0x00007ff7a4a27000 	C:\ProgramData\Oracle\Java\javapath\java.exe
0x00007fffed7d0000 - 0x00007fffed9e4000 	C:\Windows\SYSTEM32\ntdll.dll
0x00007fffec300000 - 0x00007fffec3c4000 	C:\Windows\System32\KERNEL32.DLL
0x00007fffeace0000 - 0x00007fffeb084000 	C:\Windows\System32\KERNELBASE.dll
0x00007fffed410000 - 0x00007fffed4c0000 	C:\Windows\System32\ADVAPI32.dll
0x00007fffed360000 - 0x00007fffed407000 	C:\Windows\System32\msvcrt.dll
0x00007fffebbb0000 - 0x00007fffebc56000 	C:\Windows\System32\sechost.dll
0x00007fffed550000 - 0x00007fffed667000 	C:\Windows\System32\RPCRT4.dll
0x00007fffec560000 - 0x00007fffec70e000 	C:\Windows\System32\USER32.dll
0x00007fffeab80000 - 0x00007fffeaba6000 	C:\Windows\System32\win32u.dll
0x00007fffeb8d0000 - 0x00007fffeb8f9000 	C:\Windows\System32\GDI32.dll
0x00007fffeb440000 - 0x00007fffeb558000 	C:\Windows\System32\gdi32full.dll
0x00007fffeb090000 - 0x00007fffeb12a000 	C:\Windows\System32\msvcp_win.dll
0x00007fffeb130000 - 0x00007fffeb241000 	C:\Windows\System32\ucrtbase.dll
0x00007fffd9970000 - 0x00007fffd9c03000 	C:\Windows\WinSxS\amd64_microsoft.windows.common-controls_6595b64144ccf1df_6.0.22621.2215_none_270d72677387dfc3\COMCTL32.dll
0x00007fffebc60000 - 0x00007fffebc91000 	C:\Windows\System32\IMM32.DLL
0x000000005b820000 - 0x000000005b8f2000 	C:\Program Files\Java\jre1.8.0_121\bin\msvcr100.dll
0x000000005af80000 - 0x000000005b81b000 	C:\Program Files\Java\jre1.8.0_121\bin\server\jvm.dll
0x00007fffebd00000 - 0x00007fffebd08000 	C:\Windows\System32\PSAPI.DLL
0x00007fffd3580000 - 0x00007fffd3589000 	C:\Windows\SYSTEM32\WSOCK32.dll
0x00007fffeb850000 - 0x00007fffeb8c1000 	C:\Windows\System32\WS2_32.dll
0x00007fffe5fc0000 - 0x00007fffe5ff4000 	C:\Windows\SYSTEM32\WINMM.dll
0x00007fffe2c90000 - 0x00007fffe2c9a000 	C:\Windows\SYSTEM32\VERSION.dll
0x000000005af70000 - 0x000000005af7f000 	C:\Program Files\Java\jre1.8.0_121\bin\verify.dll
0x000000005af40000 - 0x000000005af69000 	C:\Program Files\Java\jre1.8.0_121\bin\java.dll
0x000000005af20000 - 0x000000005af36000 	C:\Program Files\Java\jre1.8.0_121\bin\zip.dll
0x00007fffec710000 - 0x00007fffecf33000 	C:\Windows\System32\SHELL32.dll
0x00007fffe8ac0000 - 0x00007fffe93aa000 	C:\Windows\SYSTEM32\windows.storage.dll
0x00007fffecfd0000 - 0x00007fffed35a000 	C:\Windows\System32\combase.dll
0x00007fffe8980000 - 0x00007fffe8abe000 	C:\Windows\SYSTEM32\wintypes.dll
0x00007fffebd10000 - 0x00007fffebe03000 	C:\Windows\System32\SHCORE.dll
0x00007fffebac0000 - 0x00007fffebb1e000 	C:\Windows\System32\shlwapi.dll
0x00007fffeaab0000 - 0x00007fffeaad6000 	C:\Windows\SYSTEM32\profapi.dll
0x000000005af10000 - 0x000000005af1d000 	C:\Program Files\Java\jre1.8.0_121\bin\management.dll
0x000000005aef0000 - 0x000000005af0a000 	C:\Program Files\Java\jre1.8.0_121\bin\net.dll
0x00007fffea000000 - 0x00007fffea069000 	C:\Windows\system32\mswsock.dll
0x00007fffc97f0000 - 0x00007fffc9807000 	C:\Windows\system32\napinsp.dll
0x00007fffc8bc0000 - 0x00007fffc8bdb000 	C:\Windows\system32\pnrpnsp.dll
0x00007fffe9680000 - 0x00007fffe9772000 	C:\Windows\SYSTEM32\DNSAPI.dll
0x00007fffe9610000 - 0x00007fffe963d000 	C:\Windows\SYSTEM32\IPHLPAPI.DLL
0x00007fffec2f0000 - 0x00007fffec2f9000 	C:\Windows\System32\NSI.dll
0x00007fffc8ab0000 - 0x00007fffc8ac1000 	C:\Windows\System32\winrnr.dll
0x00007fffc89c0000 - 0x00007fffc89d5000 	C:\Windows\system32\wshbth.dll
0x00007fffc8990000 - 0x00007fffc89b1000 	C:\Windows\system32\nlansp_c.dll
0x00007fffdc2b0000 - 0x00007fffdc2ba000 	C:\Windows\System32\rasadhlp.dll
0x00007fffe46b0000 - 0x00007fffe4734000 	C:\Windows\System32\fwpuclnt.dll
0x000000005aed0000 - 0x000000005aee1000 	C:\Program Files\Java\jre1.8.0_121\bin\nio.dll
0x00007fffea320000 - 0x00007fffea33b000 	C:\Windows\SYSTEM32\CRYPTSP.dll
0x00007fffe9b00000 - 0x00007fffe9b35000 	C:\Windows\system32\rsaenh.dll
0x00007fffea0a0000 - 0x00007fffea0cc000 	C:\Windows\SYSTEM32\USERENV.dll
0x00007fffea4d0000 - 0x00007fffea4f8000 	C:\Windows\SYSTEM32\bcrypt.dll
0x00007fffeb250000 - 0x00007fffeb2ca000 	C:\Windows\System32\bcryptprimitives.dll
0x00007fffea300000 - 0x00007fffea30c000 	C:\Windows\SYSTEM32\CRYPTBASE.dll
0x00007fffe55b0000 - 0x00007fffe55c9000 	C:\Windows\SYSTEM32\dhcpcsvc6.DLL
0x00007fffe5590000 - 0x00007fffe55af000 	C:\Windows\SYSTEM32\dhcpcsvc.DLL

VM Arguments:
java_command: .\target\luckwheel-0.0.1-SNAPSHOT.jar
java_class_path (initial): .\target\luckwheel-0.0.1-SNAPSHOT.jar
Launcher Type: SUN_STANDARD

Environment Variables:
JAVA_HOME=C:\Program Files\Java\jdk1.8.0_121
PATH=C:\ProgramData\Oracle\Java\javapath;C:\Program Files (x86)\Common Files\Oracle\Java\javapath;C:\Windows\system32;C:\Windows;C:\Windows\System32\Wbem;C:\Windows\System32\WindowsPowerShell\v1.0\;C:\Windows\System32\OpenSSH\;D:\software\cmder\;D:\software\httprunner4\;C:\ProgramData\chocolatey\bin;C:\Program Files\Git\cmd;C:\Program Files\Go\bin;D:\software\apache-maven-3.9.5-bin\apache-maven-3.9.5\bin;C:\Program Files\Java\jdk1.8.0_121\bin;D:\software\node-v18.18.0-win-x64;C:\Users\17123\AppData\Local\Programs\Python\Python38\Scripts\;C:\Users\17123\AppData\Local\Programs\Python\Python38\;C:\Users\17123\AppData\Local\Microsoft\WindowsApps;D:\software\Microsoft VS Code\bin;D:\software\httprunner4\;C:\Users\17123\AppData\Local\Programs\oh-my-posh\bin;C:\Users\17123\go\bin;C:\Users\17123\AppData\Local\JetBrains\Toolbox\scripts;;C:\Program Files\JetBrains\GoLand 2020.3.5\bin;;C:\Program Files\JetBrains\PyCharm 2023.2.1\bin;;D:\software\IntelliJ IDEA 2023.2.1\bin;
USERNAME=17123
OS=Windows_NT
PROCESSOR_IDENTIFIER=AMD64 Family 25 Model 80 Stepping 0, AuthenticAMD



---------------  S Y S T E M  ---------------

OS: Windows 10.0 , 64 bit Build 22621 (10.0.22621.2215)

CPU:total 12 (12 cores per cpu, 1 threads per core) family 25 model 80 stepping 0, cmov, cx8, fxsr, mmx, sse, sse2, sse3, ssse3, sse4.1, sse4.2, popcnt, avx, avx2, aes, clmul, erms, mmxext, 3dnowpref, lzcnt, sse4a, tsc, tscinvbit, tscinv, bmi1

Memory: 4k page, physical 14516284k(186548k free), swap 40730808k(5176k free)

vm_info: Java HotSpot(TM) 64-Bit Server VM (25.121-b13) for windows-amd64 JRE (1.8.0_121-b13), built on Dec 12 2016 18:21:36 by "java_re" with MS VC++ 10.0 (VS2010)

time: Mon Oct 23 16:00:36 2023
elapsed time: 3 seconds (0d 0h 0m 3s)

